<?xml version="1.0" encoding="UTF-8"?>
<!-- Generated by org.testng.reporters.JUnitReportReporter -->
<testsuite hostname="DESKTOP-Q7BHNN6" failures="0" tests="1" name="Anusha.Anusha01" time="7.436" errors="0" timestamp="2022-11-19T23:00:20 GMT-08:00" skipped="0">
  <testcase classname="Anusha.Anusha01" name="Enterdetials" time="7.436"/>
  <system-out/>
</testsuite> <!-- Anusha.Anusha01 -->
