<?xml version="1.0" encoding="UTF-8"?>
<!-- Generated by org.testng.reporters.JUnitReportReporter -->
<testsuite hostname="DESKTOP-Q7BHNN6" failures="0" tests="1" name="Sign_up.Data_Drive" time="9.106" errors="0" timestamp="2022-11-27T12:42:07 IST" skipped="0">
  <testcase classname="Sign_up.Data_Drive" name="details" time="9.106"/>
  <system-out/>
</testsuite> <!-- Sign_up.Data_Drive -->
