<?xml version="1.0" encoding="UTF-8"?>
<!-- Generated by org.testng.reporters.JUnitReportReporter -->
<testsuite hostname="DESKTOP-Q7BHNN6" failures="0" tests="3" name="Sign_up.Sign_up_ng" time="2.105" errors="0" timestamp="2022-11-26T11:00:24 IST" skipped="0">
  <testcase classname="Sign_up.Sign_up_ng" name="Select_details" time="1.144"/>
  <system-out/>
  <testcase classname="Sign_up.Sign_up_ng" name="Choose_details" time="0.114"/>
  <system-out/>
  <testcase classname="Sign_up.Sign_up_ng" name="Enter_details" time="0.847"/>
  <system-out/>
</testsuite> <!-- Sign_up.Sign_up_ng -->
